<?xml version="1.0" encoding="UTF-8"?>
<!-- Generated by org.testng.reporters.JUnitReportReporter -->
<testsuite hostname="IBM808-PC0D6UMR" failures="0" tests="3" name="com.crm.qa.testcases.HomePageTest" time="46.968" errors="0" timestamp="23 Jan 2019 09:30:25 GMT" skipped="0">
  <testcase classname="com.crm.qa.testcases.HomePageTest" name="verifyHomePageTitleTest" time="14.970"/>
  <testcase classname="com.crm.qa.testcases.HomePageTest" name="verifyUserNameTest" time="16.519"/>
  <testcase classname="com.crm.qa.testcases.HomePageTest" name="verifyContactsLinkTest" time="15.479"/>
</testsuite> <!-- com.crm.qa.testcases.HomePageTest -->
