<?xml version="1.0" encoding="UTF-8"?>
<!-- Generated by org.testng.reporters.JUnitReportReporter -->
<testsuite hostname="IBM808-PC0D6UMR" failures="0" tests="3" name="com.crm.qa.testcases.LoginPageTest" time="35.747" errors="0" timestamp="01 Feb 2019 07:06:55 GMT" skipped="0">
  <testcase classname="com.crm.qa.testcases.LoginPageTest" name="loginPageTitleTest" time="8.967"/>
  <testcase classname="com.crm.qa.testcases.LoginPageTest" name="crmLogoImageTest" time="10.110"/>
  <testcase classname="com.crm.qa.testcases.LoginPageTest" name="loginTest" time="16.670"/>
</testsuite> <!-- com.crm.qa.testcases.LoginPageTest -->
